Build started 7/26/2017 9:38:41 PM.
     1>Project "C:\Users\phillipsg3\Documents\Visual Studio 2013\Projects\Program3\Program3\Program3.vcxproj" on node 2 (Build target(s)).
     1>ClCompile:
         C:\Program Files (x86)\Microsoft Visual Studio 12.0\VC\bin\CL.exe /c /ZI /nologo /W3 /WX- /sdl /Od /Oy- /D _MBCS /Gm /EHsc /RTC1 /MDd /GS /fp:precise /Zc:wchar_t /Zc:forScope /Fo"Debug\\" /Fd"Debug\vc120.pdb" /Gd /TP /analyze- /errorReport:prompt asteroid.cpp enemy.cpp gameState.cpp gameplay.cpp laser.cpp main.cpp special.cpp weapon.cpp
         gameState.cpp
         enemy.cpp
         Generating Code...
         Compiling...
         asteroid.cpp
         Generating Code...
         Skipping... (no relevant changes detected)
         weapon.cpp
         special.cpp
         main.cpp
         laser.cpp
         gameplay.cpp
       Link:
         C:\Program Files (x86)\Microsoft Visual Studio 12.0\VC\bin\link.exe /ERRORREPORT:PROMPT /OUT:"C:\Users\phillipsg3\Documents\Visual Studio 2013\Projects\Program3\Debug\Program3.exe" /INCREMENTAL /NOLOGO "allegro-5.0.7-monolith-md-debug.lib" kernel32.lib user32.lib gdi32.lib winspool.lib comdlg32.lib advapi32.lib shell32.lib ole32.lib oleaut32.lib uuid.lib odbc32.lib odbccp32.lib /MANIFEST /MANIFESTUAC:"level='asInvoker' uiAccess='false'" /manifest:embed /DEBUG /PDB:"C:\Users\phillipsg3\Documents\Visual Studio 2013\Projects\Program3\Debug\Program3.pdb" /TLBID:1 /DYNAMICBASE /NXCOMPAT /IMPLIB:"C:\Users\phillipsg3\Documents\Visual Studio 2013\Projects\Program3\Debug\Program3.lib" /MACHINE:X86 Debug\asteroid.obj
         Debug\crate.obj
         Debug\enemy.obj
         Debug\friend.obj
         Debug\gameplay.obj
         Debug\gameState.obj
         Debug\hull.obj
         Debug\laser.obj
         Debug\main.obj
         Debug\soldier.obj
         Debug\special.obj
         Debug\weapon.obj
         Program3.vcxproj -> C:\Users\phillipsg3\Documents\Visual Studio 2013\Projects\Program3\Debug\Program3.exe
     1>Done Building Project "C:\Users\phillipsg3\Documents\Visual Studio 2013\Projects\Program3\Program3\Program3.vcxproj" (Build target(s)).

Build succeeded.

Time Elapsed 00:00:02.16
